#
# There is insufficient memory for the Java Runtime Environment to continue.
# Native memory allocation (malloc) failed to allocate 48400 bytes for Chunk::new
# Possible reasons:
#   The system is out of physical RAM or swap space
#   The process is running with CompressedOops enabled, and the Java Heap may be blocking the growth of the native heap
# Possible solutions:
#   Reduce memory load on the system
#   Increase physical memory or swap space
#   Check if swap backing store is full
#   Decrease Java heap size (-Xmx/-Xms)
#   Decrease number of Java threads
#   Decrease Java thread stack sizes (-Xss)
#   Set larger code cache with -XX:ReservedCodeCacheSize=
#   JVM is running with Unscaled Compressed Oops mode in which the Java heap is
#     placed in the first 4GB address space. The Java Heap base address is the
#     maximum limit for the native heap growth. Please use -XX:HeapBaseMinAddress
#     to set the Java Heap base and to place the Java Heap above 4GB virtual address.
# This output file may be truncated or incomplete.
#
#  Out of Memory Error (allocation.cpp:389), pid=16476, tid=0x0000000000003e9c
#
# JRE version: OpenJDK Runtime Environment (8.0_242-b01) (build 1.8.0_242-release-1644-b01)
# Java VM: OpenJDK 64-Bit Server VM (25.242-b01 mixed mode windows-amd64 compressed oops)
# Failed to write core dump. Minidumps are not enabled by default on client versions of Windows
#

---------------  T H R E A D  ---------------

Current thread (0x0000000017fab000):  JavaThread "C2 CompilerThread1" daemon [_thread_in_native, id=16028, stack(0x0000000019750000,0x0000000019850000)]

Stack: [0x0000000019750000,0x0000000019850000]
[error occurred during error reporting (printing stack bounds), id 0xc0000005]

Native frames: (J=compiled Java code, j=interpreted, Vv=VM code, C=native code)


Current CompileTask:
C2:  61465 8428       4       java.lang.Class::getSimpleName (120 bytes)


---------------  P R O C E S S  ---------------

Java Threads: ( => current thread )
  0x000000001eaa8000 JavaThread "Cache worker for execution history cache (C:\Java\.gradle\6.5\executionHistory)" [_thread_blocked, id=9652, stack(0x000000002bde0000,0x000000002bee0000)]
  0x000000001eaac800 JavaThread "Execution worker for ':' Thread 3" [_thread_blocked, id=10244, stack(0x000000002b8f0000,0x000000002b9f0000)]
  0x000000001eaab000 JavaThread "Execution worker for ':' Thread 2" [_thread_blocked, id=2752, stack(0x000000002b490000,0x000000002b590000)]
  0x000000001eaa9800 JavaThread "Execution worker for ':'" [_thread_blocked, id=13972, stack(0x000000002b0a0000,0x000000002b1a0000)]
  0x000000001eaae000 JavaThread "Cache worker for file content cache (C:\Java\.gradle\6.5\fileContent)" [_thread_blocked, id=6512, stack(0x000000002b7f0000,0x000000002b8f0000)]
  0x000000001eaa6800 JavaThread "Memory manager" [_thread_blocked, id=13260, stack(0x0000000029d00000,0x0000000029e00000)]
  0x000000001eaab800 JavaThread "Cache worker for Build Output Cleanup Cache (C:\Java\.gradle\buildOutputCleanup)" [_thread_blocked, id=14116, stack(0x0000000029400000,0x0000000029500000)]
  0x000000001c5f2800 JavaThread "jar transforms Thread 94" [_thread_blocked, id=9480, stack(0x0000000026b10000,0x0000000026c10000)]
  0x000000001c5f1000 JavaThread "jar transforms Thread 93" [_thread_blocked, id=15952, stack(0x0000000026a10000,0x0000000026b10000)]
  0x000000001c5ee000 JavaThread "jar transforms Thread 92" [_thread_blocked, id=11612, stack(0x0000000026910000,0x0000000026a10000)]
  0x000000001c5ef800 JavaThread "jar transforms Thread 91" [_thread_blocked, id=9916, stack(0x0000000026810000,0x0000000026910000)]
  0x000000001c5ef000 JavaThread "jar transforms Thread 90" [_thread_blocked, id=11400, stack(0x0000000026710000,0x0000000026810000)]
  0x000000001c5f3800 JavaThread "jar transforms Thread 89" [_thread_blocked, id=18268, stack(0x0000000026610000,0x0000000026710000)]
  0x000000001c5f2000 JavaThread "jar transforms Thread 88" [_thread_blocked, id=17120, stack(0x0000000026510000,0x0000000026610000)]
  0x000000001c5f4000 JavaThread "jar transforms Thread 87" [_thread_blocked, id=10488, stack(0x0000000026410000,0x0000000026510000)]
  0x000000001c5e9800 JavaThread "jar transforms Thread 86" [_thread_blocked, id=8104, stack(0x0000000026310000,0x0000000026410000)]
  0x000000001c5ed800 JavaThread "jar transforms Thread 85" [_thread_blocked, id=9992, stack(0x0000000026210000,0x0000000026310000)]
  0x000000001c5f0800 JavaThread "jar transforms Thread 84" [_thread_blocked, id=9640, stack(0x0000000026110000,0x0000000026210000)]
  0x000000001c5e9000 JavaThread "jar transforms Thread 83" [_thread_blocked, id=12140, stack(0x0000000026010000,0x0000000026110000)]
  0x000000001c5ec800 JavaThread "jar transforms Thread 82" [_thread_blocked, id=12780, stack(0x0000000025f10000,0x0000000026010000)]
  0x000000001c5e5000 JavaThread "jar transforms Thread 81" [_thread_blocked, id=11228, stack(0x0000000025e10000,0x0000000025f10000)]
  0x000000001c5e8000 JavaThread "jar transforms Thread 80" [_thread_blocked, id=10712, stack(0x0000000025d10000,0x0000000025e10000)]
  0x000000001c5e6800 JavaThread "jar transforms Thread 79" [_thread_blocked, id=9064, stack(0x0000000025c10000,0x0000000025d10000)]
  0x000000001c5eb000 JavaThread "jar transforms Thread 78" [_thread_blocked, id=5284, stack(0x0000000025b10000,0x0000000025c10000)]
  0x000000001c5e6000 JavaThread "jar transforms Thread 77" [_thread_blocked, id=20224, stack(0x0000000025a10000,0x0000000025b10000)]
  0x000000001c5ea800 JavaThread "jar transforms Thread 76" [_thread_blocked, id=10764, stack(0x0000000025910000,0x0000000025a10000)]
  0x000000001c5ec000 JavaThread "jar transforms Thread 75" [_thread_blocked, id=3896, stack(0x0000000025810000,0x0000000025910000)]
  0x000000001c5e7800 JavaThread "jar transforms Thread 74" [_thread_blocked, id=13348, stack(0x0000000025710000,0x0000000025810000)]
  0x000000001df3b800 JavaThread "jar transforms Thread 73" [_thread_blocked, id=8872, stack(0x0000000025610000,0x0000000025710000)]
  0x000000001df3d000 JavaThread "jar transforms Thread 72" [_thread_blocked, id=18376, stack(0x0000000025510000,0x0000000025610000)]
  0x000000001df3e000 JavaThread "jar transforms Thread 71" [_thread_blocked, id=20024, stack(0x0000000025410000,0x0000000025510000)]
  0x000000001df3b000 JavaThread "jar transforms Thread 70" [_thread_blocked, id=20324, stack(0x0000000025310000,0x0000000025410000)]
  0x000000001df39800 JavaThread "jar transforms Thread 69" [_thread_blocked, id=732, stack(0x0000000025210000,0x0000000025310000)]
  0x000000001df3f800 JavaThread "jar transforms Thread 68" [_thread_blocked, id=13892, stack(0x0000000025110000,0x0000000025210000)]
  0x000000001df3c800 JavaThread "jar transforms Thread 67" [_thread_blocked, id=15252, stack(0x0000000025010000,0x0000000025110000)]
  0x000000001df3e800 JavaThread "jar transforms Thread 66" [_thread_blocked, id=19672, stack(0x0000000024f10000,0x0000000025010000)]
  0x000000001df3a000 JavaThread "jar transforms Thread 65" [_thread_blocked, id=19988, stack(0x0000000024e10000,0x0000000024f10000)]
  0x000000001df32000 JavaThread "jar transforms Thread 64" [_thread_blocked, id=10540, stack(0x0000000024d10000,0x0000000024e10000)]
  0x000000001df38800 JavaThread "jar transforms Thread 63" [_thread_blocked, id=10916, stack(0x0000000024c10000,0x0000000024d10000)]
  0x000000001df31000 JavaThread "jar transforms Thread 62" [_thread_blocked, id=13064, stack(0x0000000024b10000,0x0000000024c10000)]
  0x000000001df38000 JavaThread "jar transforms Thread 61" [_thread_blocked, id=5032, stack(0x0000000024a10000,0x0000000024b10000)]
  0x000000001df30000 JavaThread "jar transforms Thread 60" [_thread_blocked, id=900, stack(0x0000000024910000,0x0000000024a10000)]
  0x000000001df35800 JavaThread "jar transforms Thread 59" [_thread_blocked, id=19512, stack(0x0000000024810000,0x0000000024910000)]
  0x000000001df36800 JavaThread "jar transforms Thread 58" [_thread_blocked, id=8228, stack(0x0000000024710000,0x0000000024810000)]
  0x000000001df35000 JavaThread "jar transforms Thread 57" [_thread_blocked, id=15096, stack(0x0000000024610000,0x0000000024710000)]
  0x000000001df32800 JavaThread "jar transforms Thread 56" [_thread_blocked, id=5952, stack(0x0000000024510000,0x0000000024610000)]
  0x000000001df34000 JavaThread "jar transforms Thread 55" [_thread_blocked, id=15892, stack(0x0000000024410000,0x0000000024510000)]
  0x000000001df33800 JavaThread "jar transforms Thread 54" [_thread_blocked, id=11808, stack(0x0000000024310000,0x0000000024410000)]
  0x000000001df37000 JavaThread "jar transforms Thread 53" [_thread_blocked, id=14984, stack(0x0000000024210000,0x0000000024310000)]
  0x000000001b8c0000 JavaThread "jar transforms Thread 52" [_thread_blocked, id=16404, stack(0x0000000024110000,0x0000000024210000)]
  0x000000001b8bc800 JavaThread "jar transforms Thread 51" [_thread_blocked, id=5816, stack(0x0000000024010000,0x0000000024110000)]
  0x000000001b8bf800 JavaThread "jar transforms Thread 50" [_thread_blocked, id=3168, stack(0x0000000023f10000,0x0000000024010000)]
  0x000000001b8be800 JavaThread "jar transforms Thread 49" [_thread_blocked, id=10176, stack(0x0000000023e10000,0x0000000023f10000)]
  0x000000001b8be000 JavaThread "jar transforms Thread 48" [_thread_blocked, id=19772, stack(0x0000000023d10000,0x0000000023e10000)]
  0x000000001b8bd000 JavaThread "jar transforms Thread 47" [_thread_blocked, id=18824, stack(0x0000000023c10000,0x0000000023d10000)]
  0x000000001b8b5000 JavaThread "jar transforms Thread 46" [_thread_blocked, id=13564, stack(0x0000000023b10000,0x0000000023c10000)]
  0x000000001b8bb800 JavaThread "jar transforms Thread 45" [_thread_blocked, id=13716, stack(0x0000000023a10000,0x0000000023b10000)]
  0x000000001b8b4000 JavaThread "jar transforms Thread 44" [_thread_blocked, id=13832, stack(0x0000000023910000,0x0000000023a10000)]
  0x000000001b8bb000 JavaThread "jar transforms Thread 43" [_thread_blocked, id=1192, stack(0x0000000023810000,0x0000000023910000)]
  0x000000001b8ba000 JavaThread "jar transforms Thread 42" [_thread_blocked, id=8740, stack(0x0000000023710000,0x0000000023810000)]
  0x000000001b8b9800 JavaThread "jar transforms Thread 41" [_thread_blocked, id=19464, stack(0x0000000023610000,0x0000000023710000)]
  0x000000001b8b3800 JavaThread "jar transforms Thread 40" [_thread_blocked, id=15264, stack(0x0000000023510000,0x0000000023610000)]
  0x000000001b8b2000 JavaThread "jar transforms Thread 39" [_thread_blocked, id=14156, stack(0x0000000023410000,0x0000000023510000)]
  0x000000001b8b8800 JavaThread "jar transforms Thread 38" [_thread_blocked, id=18956, stack(0x0000000023310000,0x0000000023410000)]
  0x000000001b8b1000 JavaThread "jar transforms Thread 37" [_thread_blocked, id=7004, stack(0x0000000023210000,0x0000000023310000)]
  0x000000001b8b8000 JavaThread "jar transforms Thread 36" [_thread_blocked, id=12948, stack(0x0000000023110000,0x0000000023210000)]
  0x000000001b8b7000 JavaThread "jar transforms Thread 35" [_thread_blocked, id=18232, stack(0x0000000023010000,0x0000000023110000)]
  0x000000001b8b2800 JavaThread "jar transforms Thread 34" [_thread_blocked, id=3944, stack(0x0000000022f10000,0x0000000023010000)]
  0x000000001b8b6800 JavaThread "jar transforms Thread 33" [_thread_blocked, id=756, stack(0x0000000022e10000,0x0000000022f10000)]
  0x000000001b8b5800 JavaThread "jar transforms Thread 32" [_thread_blocked, id=18064, stack(0x0000000022d10000,0x0000000022e10000)]
  0x000000001acdf000 JavaThread "jar transforms Thread 31" [_thread_blocked, id=1432, stack(0x0000000022c10000,0x0000000022d10000)]
  0x000000001acdd800 JavaThread "jar transforms Thread 30" [_thread_blocked, id=12920, stack(0x0000000022b10000,0x0000000022c10000)]
  0x000000001acdc800 JavaThread "jar transforms Thread 29" [_thread_blocked, id=5440, stack(0x0000000022a10000,0x0000000022b10000)]
  0x000000001acde000 JavaThread "jar transforms Thread 28" [_thread_blocked, id=12284, stack(0x0000000022910000,0x0000000022a10000)]
  0x000000001acdb000 JavaThread "jar transforms Thread 27" [_thread_blocked, id=17840, stack(0x0000000022810000,0x0000000022910000)]
  0x000000001acdc000 JavaThread "jar transforms Thread 26" [_thread_blocked, id=10716, stack(0x0000000022710000,0x0000000022810000)]
  0x000000001ace0800 JavaThread "jar transforms Thread 25" [_thread_blocked, id=6912, stack(0x0000000022610000,0x0000000022710000)]
  0x000000001acdf800 JavaThread "jar transforms Thread 24" [_thread_blocked, id=7632, stack(0x0000000022510000,0x0000000022610000)]
  0x000000001acd3800 JavaThread "jar transforms Thread 23" [_thread_blocked, id=20344, stack(0x0000000022410000,0x0000000022510000)]
  0x000000001acda800 JavaThread "jar transforms Thread 22" [_thread_blocked, id=16584, stack(0x0000000022310000,0x0000000022410000)]
  0x000000001acd9800 JavaThread "jar transforms Thread 21" [_thread_blocked, id=15712, stack(0x0000000022210000,0x0000000022310000)]
  0x000000001acd2000 JavaThread "jar transforms Thread 20" [_thread_blocked, id=20300, stack(0x0000000022110000,0x0000000022210000)]
  0x000000001acd9000 JavaThread "jar transforms Thread 19" [_thread_blocked, id=11704, stack(0x0000000022010000,0x0000000022110000)]
  0x000000001acd3000 JavaThread "jar transforms Thread 18" [_thread_blocked, id=11620, stack(0x0000000021f10000,0x0000000022010000)]
  0x000000001acd1800 JavaThread "jar transforms Thread 17" [_thread_blocked, id=15148, stack(0x0000000021e10000,0x0000000021f10000)]
  0x000000001acd8000 JavaThread "jar transforms Thread 16" [_thread_blocked, id=19004, stack(0x0000000021d10000,0x0000000021e10000)]
  0x000000001acd6800 JavaThread "jar transforms Thread 15" [_thread_blocked, id=11860, stack(0x0000000021c10000,0x0000000021d10000)]
  0x000000001acd6000 JavaThread "jar transforms Thread 14" [_thread_blocked, id=16044, stack(0x0000000021b10000,0x0000000021c10000)]
  0x000000001acd4800 JavaThread "jar transforms Thread 13" [_thread_blocked, id=19876, stack(0x0000000021a10000,0x0000000021b10000)]
  0x000000001acd5000 JavaThread "jar transforms Thread 12" [_thread_blocked, id=5928, stack(0x0000000021910000,0x0000000021a10000)]
  0x000000001acd7800 JavaThread "jar transforms Thread 11" [_thread_blocked, id=12420, stack(0x0000000021810000,0x0000000021910000)]
  0x000000001a2be000 JavaThread "jar transforms Thread 10" [_thread_blocked, id=16936, stack(0x0000000021710000,0x0000000021810000)]
  0x000000001a2bd800 JavaThread "jar transforms Thread 9" [_thread_blocked, id=19916, stack(0x0000000021610000,0x0000000021710000)]
  0x000000001a2bc800 JavaThread "jar transforms Thread 8" [_thread_blocked, id=5364, stack(0x0000000021510000,0x0000000021610000)]
  0x000000001a2bb000 JavaThread "jar transforms Thread 7" [_thread_blocked, id=8444, stack(0x0000000021410000,0x0000000021510000)]
  0x000000001a2bf000 JavaThread "jar transforms Thread 6" [_thread_blocked, id=19540, stack(0x0000000021310000,0x0000000021410000)]
  0x000000001a2c1000 JavaThread "jar transforms Thread 5" [_thread_blocked, id=18504, stack(0x0000000021210000,0x0000000021310000)]
  0x000000001a2c0800 JavaThread "jar transforms Thread 4" [_thread_blocked, id=8948, stack(0x0000000021110000,0x0000000021210000)]
  0x000000001a2bf800 JavaThread "jar transforms Thread 3" [_thread_blocked, id=7144, stack(0x0000000021010000,0x0000000021110000)]
  0x000000001a2bc000 JavaThread "jar transforms Thread 2" [_thread_blocked, id=5404, stack(0x0000000020f10000,0x0000000021010000)]
  0x000000001a2ba800 JavaThread "Build operations Thread 4" [_thread_blocked, id=17272, stack(0x0000000020e10000,0x0000000020f10000)]
  0x000000001a2b3000 JavaThread "Build operations Thread 3" [_thread_blocked, id=18516, stack(0x0000000020d10000,0x0000000020e10000)]
  0x000000001a2b5000 JavaThread "Build operations Thread 2" [_thread_blocked, id=3520, stack(0x0000000020c10000,0x0000000020d10000)]
  0x000000001a2b6000 JavaThread "Build operations" [_thread_blocked, id=3872, stack(0x0000000020b10000,0x0000000020c10000)]
  0x000000001a2b9800 JavaThread "Cache worker for file content cache (C:\Users\cleme\.gradle\caches\6.5\fileContent)" [_thread_blocked, id=18868, stack(0x0000000020410000,0x0000000020510000)]
  0x000000001a2b2000 JavaThread "jar transforms" [_thread_blocked, id=4744, stack(0x0000000020310000,0x0000000020410000)]
  0x000000001a2b9000 JavaThread "Cache worker for execution history cache (C:\Users\cleme\.gradle\caches\6.5\executionHistory)" [_thread_blocked, id=11472, stack(0x000000001fc10000,0x000000001fd10000)]
  0x000000001a2b6800 JavaThread "Cache worker for cache directory md-rule (C:\Users\cleme\.gradle\caches\6.5\md-rule)" [_thread_blocked, id=19728, stack(0x000000001fb10000,0x000000001fc10000)]
  0x000000001ab53800 JavaThread "Cache worker for cache directory md-supplier (C:\Users\cleme\.gradle\caches\6.5\md-supplier)" [_thread_blocked, id=13424, stack(0x000000001fa10000,0x000000001fb10000)]
  0x000000001ab52800 JavaThread "Cache worker for checksums cache (C:\Java\.gradle\checksums)" [_thread_blocked, id=12188, stack(0x000000001f910000,0x000000001fa10000)]
  0x000000001ab55000 JavaThread "Cache worker for file hash cache (C:\Java\.gradle\6.5\fileHashes)" [_thread_blocked, id=20240, stack(0x000000001f610000,0x000000001f710000)]
  0x000000001ab55800 JavaThread "Cache worker for file hash cache (C:\Users\cleme\.gradle\caches\6.5\fileHashes)" [_thread_blocked, id=16736, stack(0x000000001ee70000,0x000000001ef70000)]
  0x000000001ab54000 JavaThread "File lock request listener" [_thread_in_native, id=2008, stack(0x000000001ed70000,0x000000001ee70000)]
  0x000000001c4b4000 JavaThread "Cache worker for journal cache (C:\Users\cleme\.gradle\caches\journal-1)" [_thread_blocked, id=15432, stack(0x000000001f210000,0x000000001f310000)]
  0x000000001a5d3000 JavaThread "Thread-9" [_thread_blocked, id=14772, stack(0x000000001daa0000,0x000000001dba0000)]
  0x000000001a5d2000 JavaThread "Stdin handler" [_thread_blocked, id=8920, stack(0x000000001d9a0000,0x000000001daa0000)]
  0x000000001a5ce800 JavaThread "Asynchronous log dispatcher for DefaultDaemonConnection: socket connection from /127.0.0.1:49310 to /127.0.0.1:49311" [_thread_blocked, id=15308, stack(0x000000001d8a0000,0x000000001d9a0000)]
  0x000000001a5cc800 JavaThread "Daemon worker" [_thread_blocked, id=12956, stack(0x000000001d7a0000,0x000000001d8a0000)]
  0x000000001a5cc000 JavaThread "Cancel handler" [_thread_blocked, id=8800, stack(0x000000001d6a0000,0x000000001d7a0000)]
  0x000000001a543800 JavaThread "Handler for socket connection from /127.0.0.1:49310 to /127.0.0.1:49311" [_thread_in_native, id=8032, stack(0x000000001d5a0000,0x000000001d6a0000)]
  0x000000001a832800 JavaThread "Daemon" [_thread_blocked, id=19200, stack(0x000000001d4a0000,0x000000001d5a0000)]
  0x000000001aa5a000 JavaThread "Daemon periodic checks" [_thread_blocked, id=3152, stack(0x000000001d1a0000,0x000000001d2a0000)]
  0x000000001a696000 JavaThread "Incoming local TCP Connector on port 49310" [_thread_in_native, id=9448, stack(0x000000001cf30000,0x000000001d030000)]
  0x000000001b6bb800 JavaThread "Daemon health stats" [_thread_blocked, id=13232, stack(0x000000001c8f0000,0x000000001c9f0000)]
  0x0000000019980800 JavaThread "Service Thread" daemon [_thread_blocked, id=9692, stack(0x0000000019d50000,0x0000000019e50000)]
  0x0000000017fb2800 JavaThread "C1 CompilerThread2" daemon [_thread_in_native, id=18000, stack(0x0000000019850000,0x0000000019950000)]
=>0x0000000017fab000 JavaThread "C2 CompilerThread1" daemon [_thread_in_native, id=16028, stack(0x0000000019750000,0x0000000019850000)]
  0x0000000017fa2000 JavaThread "C2 CompilerThread0" daemon [_thread_in_native, id=19764, stack(0x0000000019650000,0x0000000019750000)]
  0x0000000017fa1000 JavaThread "Attach Listener" daemon [_thread_blocked, id=11992, stack(0x0000000019550000,0x0000000019650000)]
  0x0000000017fa5800 JavaThread "Signal Dispatcher" daemon [_thread_blocked, id=9092, stack(0x0000000019450000,0x0000000019550000)]
  0x000000000337b800 JavaThread "Finalizer" daemon [_thread_blocked, id=10196, stack(0x0000000019220000,0x0000000019320000)]
  0x0000000017f89000 JavaThread "Reference Handler" daemon [_thread_blocked, id=9600, stack(0x0000000019120000,0x0000000019220000)]
  0x000000000133e000 JavaThread "main" [_thread_blocked, id=16056, stack(0x0000000003180000,0x0000000003280000)]

Other Threads:
  0x0000000017f66800 VMThread [stack: 0x0000000019020000,0x0000000019120000] [id=4432]
  0x0000000017ffd800 WatcherThread [stack: 0x0000000019e50000,0x0000000019f50000] [id=13072]

VM state:not at safepoint (normal execution)

VM Mutex/Monitor currently owned by a thread: None

heap address: 0x0000000080000000, size: 2048 MB, Compressed Oops mode: 32-bit
Narrow klass base: 0x0000000000000000, Narrow klass shift: 3
Compressed class space size: 1073741824 Address: 0x0000000100000000

Heap:
 PSYoungGen      total 427520K, used 313764K [0x00000000d5580000, 0x00000000fd180000, 0x0000000100000000)
  eden space 406528K, 77% used [0x00000000d5580000,0x00000000e87e9130,0x00000000ee280000)
  from space 20992K, 0% used [0x00000000ee280000,0x00000000ee280000,0x00000000ef700000)
  to   space 25600K, 0% used [0x00000000fb880000,0x00000000fb880000,0x00000000fd180000)
 ParOldGen       total 111616K, used 37078K [0x0000000080000000, 0x0000000086d00000, 0x00000000d5580000)
  object space 111616K, 33% used [0x0000000080000000,0x0000000082435a18,0x0000000086d00000)
 Metaspace       used 66981K, capacity 69994K, committed 70232K, reserved 1110016K
  class space    used 9164K, capacity 9737K, committed 9856K, reserved 1048576K

Card table byte_map: [0x0000000012740000,0x0000000012b50000] byte_map_base: 0x0000000012340000

Marking Bits: (ParMarkBitMap*) 0x00000000508af030
 Begin Bits: [0x0000000013200000, 0x0000000015200000)
 End Bits:   [0x0000000015200000, 0x0000000017200000)

Polling page: 0x0000000001340000

CodeCache: size=245760Kb used=23811Kb max_used=23984Kb free=221948Kb
 bounds [0x0000000003380000, 0x0000000004b10000, 0x0000000012380000]
 total_blobs=8301 nmethods=7505 adapters=708
 compilation: enabled

Compilation events (10 events):
Event: 61.463 Thread 0x0000000017fb2800 8460       1       kotlin.reflect.jvm.internal.impl.metadata.deserialization.BinaryVersion::getMajor (5 bytes)
Event: 61.463 Thread 0x0000000017fb2800 nmethod 8460 0x0000000004584590 code [0x00000000045846e0, 0x00000000045847f0]
Event: 61.463 Thread 0x0000000017fb2800 8461       1       kotlin.reflect.jvm.internal.impl.metadata.deserialization.BinaryVersion::getMinor (5 bytes)
Event: 61.463 Thread 0x0000000017fb2800 nmethod 8461 0x0000000003ef8f10 code [0x0000000003ef9060, 0x0000000003ef9170]
Event: 61.463 Thread 0x0000000017fb2800 8464       1       kotlin.reflect.jvm.internal.impl.protobuf.SmallSortedMap$Entry::getKey (5 bytes)
Event: 61.463 Thread 0x0000000017fb2800 nmethod 8464 0x0000000003ef8c50 code [0x0000000003ef8da0, 0x0000000003ef8eb0]
Event: 61.463 Thread 0x0000000017fb2800 8467       1       kotlin.reflect.jvm.internal.impl.metadata.ProtoBuf$Visibility::getNumber (5 bytes)
Event: 61.463 Thread 0x0000000017fb2800 nmethod 8467 0x0000000003ef8990 code [0x0000000003ef8ae0, 0x0000000003ef8bf0]
Event: 61.463 Thread 0x0000000017fb2800 8468       3       kotlin.reflect.jvm.internal.impl.serialization.deserialization.DeserializationContext::getStorageManager (8 bytes)
Event: 61.463 Thread 0x0000000017fb2800 nmethod 8468 0x0000000003ef8550 code [0x0000000003ef86a0, 0x0000000003ef8890]

GC Heap History (10 events):
Event: 50.799 GC heap before
{Heap before GC invocations=8 (full 1):
 PSYoungGen      total 240128K, used 41864K [0x00000000d5580000, 0x00000000e7280000, 0x0000000100000000)
  eden space 227328K, 12% used [0x00000000d5580000,0x00000000d71e9908,0x00000000e3380000)
  from space 12800K, 99% used [0x00000000e6600000,0x00000000e7278920,0x00000000e7280000)
  to   space 16384K, 0% used [0x00000000e5280000,0x00000000e5280000,0x00000000e6280000)
 ParOldGen       total 55808K, used 8188K [0x0000000080000000, 0x0000000083680000, 0x00000000d5580000)
  object space 55808K, 14% used [0x0000000080000000,0x00000000807ff248,0x0000000083680000)
 Metaspace       used 34195K, capacity 35392K, committed 35416K, reserved 1079296K
  class space    used 4698K, capacity 4973K, committed 4992K, reserved 1048576K
Event: 50.811 GC heap after
Heap after GC invocations=8 (full 1):
 PSYoungGen      total 275456K, used 7995K [0x00000000d5580000, 0x00000000f0600000, 0x0000000100000000)
  eden space 259072K, 0% used [0x00000000d5580000,0x00000000d5580000,0x00000000e5280000)
  from space 16384K, 48% used [0x00000000e5280000,0x00000000e5a4ef10,0x00000000e6280000)
  to   space 15360K, 0% used [0x00000000ef700000,0x00000000ef700000,0x00000000f0600000)
 ParOldGen       total 55808K, used 8196K [0x0000000080000000, 0x0000000083680000, 0x00000000d5580000)
  object space 55808K, 14% used [0x0000000080000000,0x0000000080801248,0x0000000083680000)
 Metaspace       used 34195K, capacity 35392K, committed 35416K, reserved 1079296K
  class space    used 4698K, capacity 4973K, committed 4992K, reserved 1048576K
}
Event: 50.811 GC heap before
{Heap before GC invocations=9 (full 2):
 PSYoungGen      total 275456K, used 7995K [0x00000000d5580000, 0x00000000f0600000, 0x0000000100000000)
  eden space 259072K, 0% used [0x00000000d5580000,0x00000000d5580000,0x00000000e5280000)
  from space 16384K, 48% used [0x00000000e5280000,0x00000000e5a4ef10,0x00000000e6280000)
  to   space 15360K, 0% used [0x00000000ef700000,0x00000000ef700000,0x00000000f0600000)
 ParOldGen       total 55808K, used 8196K [0x0000000080000000, 0x0000000083680000, 0x00000000d5580000)
  object space 55808K, 14% used [0x0000000080000000,0x0000000080801248,0x0000000083680000)
 Metaspace       used 34195K, capacity 35392K, committed 35416K, reserved 1079296K
  class space    used 4698K, capacity 4973K, committed 4992K, reserved 1048576K
Event: 50.866 GC heap after
Heap after GC invocations=9 (full 2):
 PSYoungGen      total 275456K, used 0K [0x00000000d5580000, 0x00000000f0600000, 0x0000000100000000)
  eden space 259072K, 0% used [0x00000000d5580000,0x00000000d5580000,0x00000000e5280000)
  from space 16384K, 0% used [0x00000000e5280000,0x00000000e5280000,0x00000000e6280000)
  to   space 15360K, 0% used [0x00000000ef700000,0x00000000ef700000,0x00000000f0600000)
 ParOldGen       total 71680K, used 14556K [0x0000000080000000, 0x0000000084600000, 0x00000000d5580000)
  object space 71680K, 20% used [0x0000000080000000,0x0000000080e370c8,0x0000000084600000)
 Metaspace       used 34195K, capacity 35392K, committed 35416K, reserved 1079296K
  class space    used 4698K, capacity 4973K, committed 4992K, reserved 1048576K
}
Event: 55.125 GC heap before
{Heap before GC invocations=10 (full 2):
 PSYoungGen      total 275456K, used 259072K [0x00000000d5580000, 0x00000000f0600000, 0x0000000100000000)
  eden space 259072K, 100% used [0x00000000d5580000,0x00000000e5280000,0x00000000e5280000)
  from space 16384K, 0% used [0x00000000e5280000,0x00000000e5280000,0x00000000e6280000)
  to   space 15360K, 0% used [0x00000000ef700000,0x00000000ef700000,0x00000000f0600000)
 ParOldGen       total 71680K, used 14556K [0x0000000080000000, 0x0000000084600000, 0x00000000d5580000)
  object space 71680K, 20% used [0x0000000080000000,0x0000000080e370c8,0x0000000084600000)
 Metaspace       used 50409K, capacity 52400K, committed 52696K, reserved 1095680K
  class space    used 6713K, capacity 7094K, committed 7168K, reserved 1048576K
Event: 55.145 GC heap after
Heap after GC invocations=10 (full 2):
 PSYoungGen      total 421888K, used 15337K [0x00000000d5580000, 0x00000000f3a80000, 0x0000000100000000)
  eden space 406528K, 0% used [0x00000000d5580000,0x00000000d5580000,0x00000000ee280000)
  from space 15360K, 99% used [0x00000000ef700000,0x00000000f05fa710,0x00000000f0600000)
  to   space 20992K, 0% used [0x00000000ee280000,0x00000000ee280000,0x00000000ef700000)
 ParOldGen       total 71680K, used 22149K [0x0000000080000000, 0x0000000084600000, 0x00000000d5580000)
  object space 71680K, 30% used [0x0000000080000000,0x00000000815a1498,0x0000000084600000)
 Metaspace       used 50409K, capacity 52400K, committed 52696K, reserved 1095680K
  class space    used 6713K, capacity 7094K, committed 7168K, reserved 1048576K
}
Event: 56.561 GC heap before
{Heap before GC invocations=11 (full 2):
 PSYoungGen      total 421888K, used 148833K [0x00000000d5580000, 0x00000000f3a80000, 0x0000000100000000)
  eden space 406528K, 32% used [0x00000000d5580000,0x00000000dd7ddda8,0x00000000ee280000)
  from space 15360K, 99% used [0x00000000ef700000,0x00000000f05fa710,0x00000000f0600000)
  to   space 20992K, 0% used [0x00000000ee280000,0x00000000ee280000,0x00000000ef700000)
 ParOldGen       total 71680K, used 22149K [0x0000000080000000, 0x0000000084600000, 0x00000000d5580000)
  object space 71680K, 30% used [0x0000000080000000,0x00000000815a1498,0x0000000084600000)
 Metaspace       used 56509K, capacity 58858K, committed 58968K, reserved 1099776K
  class space    used 7713K, capacity 8227K, committed 8320K, reserved 1048576K
Event: 56.601 GC heap after
Heap after GC invocations=11 (full 2):
 PSYoungGen      total 427520K, used 20978K [0x00000000d5580000, 0x00000000fd180000, 0x0000000100000000)
  eden space 406528K, 0% used [0x00000000d5580000,0x00000000d5580000,0x00000000ee280000)
  from space 20992K, 99% used [0x00000000ee280000,0x00000000ef6fca30,0x00000000ef700000)
  to   space 25600K, 0% used [0x00000000fb880000,0x00000000fb880000,0x00000000fd180000)
 ParOldGen       total 71680K, used 26272K [0x0000000080000000, 0x0000000084600000, 0x00000000d5580000)
  object space 71680K, 36% used [0x0000000080000000,0x00000000819a8110,0x0000000084600000)
 Metaspace       used 56509K, capacity 58858K, committed 58968K, reserved 1099776K
  class space    used 7713K, capacity 8227K, committed 8320K, reserved 1048576K
}
Event: 56.601 GC heap before
{Heap before GC invocations=12 (full 3):
 PSYoungGen      total 427520K, used 20978K [0x00000000d5580000, 0x00000000fd180000, 0x0000000100000000)
  eden space 406528K, 0% used [0x00000000d5580000,0x00000000d5580000,0x00000000ee280000)
  from space 20992K, 99% used [0x00000000ee280000,0x00000000ef6fca30,0x00000000ef700000)
  to   space 25600K, 0% used [0x00000000fb880000,0x00000000fb880000,0x00000000fd180000)
 ParOldGen       total 71680K, used 26272K [0x0000000080000000, 0x0000000084600000, 0x00000000d5580000)
  object space 71680K, 36% used [0x0000000080000000,0x00000000819a8110,0x0000000084600000)
 Metaspace       used 56509K, capacity 58858K, committed 58968K, reserved 1099776K
  class space    used 7713K, capacity 8227K, committed 8320K, reserved 1048576K
Event: 56.847 GC heap after
Heap after GC invocations=12 (full 3):
 PSYoungGen      total 427520K, used 0K [0x00000000d5580000, 0x00000000fd180000, 0x0000000100000000)
  eden space 406528K, 0% used [0x00000000d5580000,0x00000000d5580000,0x00000000ee280000)
  from space 20992K, 0% used [0x00000000ee280000,0x00000000ee280000,0x00000000ef700000)
  to   space 25600K, 0% used [0x00000000fb880000,0x00000000fb880000,0x00000000fd180000)
 ParOldGen       total 111616K, used 37078K [0x0000000080000000, 0x0000000086d00000, 0x00000000d5580000)
  object space 111616K, 33% used [0x0000000080000000,0x0000000082435a18,0x0000000086d00000)
 Metaspace       used 56500K, capacity 58828K, committed 58968K, reserved 1099776K
  class space    used 7710K, capacity 8222K, committed 8320K, reserved 1048576K
}

Deoptimization events (10 events):
Event: 60.612 Thread 0x000000001a2b3000 Uncommon trap: reason=unstable_if action=reinterpret pc=0x00000000049de968 method=java.util.concurrent.locks.ReentrantLock$Sync.nonfairTryAcquire(I)Z @ 19
Event: 60.637 Thread 0x000000001a2b6000 Uncommon trap: reason=null_check action=make_not_entrant pc=0x0000000004a02c0c method=org.gradle.tooling.internal.provider.runner.SubtreeFilteringBuildOperationListener.started(Lorg/gradle/internal/operations/BuildOperationDescriptor;Lorg/gradle/internal/
Event: 60.744 Thread 0x000000001eaac800 Uncommon trap: reason=unstable_if action=reinterpret pc=0x0000000003d2fe38 method=com.esotericsoftware.kryo.io.Input.require(I)I @ 65
Event: 60.751 Thread 0x000000001eaac800 Uncommon trap: reason=unstable_if action=reinterpret pc=0x00000000049d3b38 method=com.google.common.cache.LocalCache$Segment.recordWrite(Lcom/google/common/cache/ReferenceEntry;IJ)V @ 22
Event: 60.842 Thread 0x000000001eaac800 Uncommon trap: reason=unstable_if action=reinterpret pc=0x00000000049d22b4 method=com.google.common.cache.LocalCache$Segment.recordWrite(Lcom/google/common/cache/ReferenceEntry;IJ)V @ 22
Event: 60.843 Thread 0x000000001eaac800 Uncommon trap: reason=class_check action=maybe_recompile pc=0x00000000049fd738 method=com.google.common.cache.LocalCache$Segment.get(Ljava/lang/Object;I)Ljava/lang/Object; @ 14
Event: 60.843 Thread 0x000000001eaac800 Uncommon trap: reason=unstable_if action=reinterpret pc=0x00000000049c6e38 method=com.google.common.cache.LocalCache.isExpired(Lcom/google/common/cache/ReferenceEntry;J)Z @ 9
Event: 60.853 Thread 0x000000001eaac800 Uncommon trap: reason=class_check action=maybe_recompile pc=0x00000000049fd738 method=com.google.common.cache.LocalCache$Segment.get(Ljava/lang/Object;I)Ljava/lang/Object; @ 14
Event: 60.853 Thread 0x000000001eaac800 Uncommon trap: reason=unstable_if action=reinterpret pc=0x000000000474df58 method=com.google.common.cache.LocalCache.isExpired(Lcom/google/common/cache/ReferenceEntry;J)Z @ 9
Event: 60.960 Thread 0x000000001eaac800 Uncommon trap: reason=unstable_if action=reinterpret pc=0x00000000046e03ec method=java.lang.String.lastIndexOf([CII[CIII)I @ 17

Classes redefined (0 events):
No events

Internal exceptions (10 events):
Event: 58.991 Thread 0x000000001a2b6000 Exception <a 'java/lang/NoSuchMethodError': java.lang.Object.lambda$flatMap$3(Ljava/util/function/Function;)Lorg/gradle/internal/Try;> (0x00000000dbde0538) thrown at [C:\src\AOSP-openjdk-git\hotspot\src\share\vm\interpreter\linkResolver.cpp, line 620]
Event: 59.100 Thread 0x000000001eaac800 Exception <a 'java/lang/NoSuchMethodError': java.lang.Object.lambda$flatMap$2(Ljava/util/function/Function;Ljava/lang/Object;)Lorg/gradle/internal/Try;> (0x00000000dca99d70) thrown at [C:\src\AOSP-openjdk-git\hotspot\src\share\vm\interpreter\linkResolver.
Event: 60.023 Thread 0x000000001eaac800 Exception <a 'java/lang/NoSuchMethodError': java.lang.Object.lambda$flatMap$0(Ljava/lang/Throwable;)Lorg/gradle/api/internal/artifacts/transform/CacheableInvocation;> (0x00000000e0e80b20) thrown at [C:\src\AOSP-openjdk-git\hotspot\src\share\vm\interpreter
Event: 60.183 Thread 0x000000001eaac800 Exception <a 'java/lang/NoSuchMethodError': <clinit>> (0x00000000e1d15988) thrown at [C:\src\AOSP-openjdk-git\hotspot\src\share\vm\prims\jni.cpp, line 1615]
Event: 60.391 Thread 0x000000001eaac800 Exception <a 'java/lang/NoSuchMethodError': <clinit>> (0x00000000e2bee850) thrown at [C:\src\AOSP-openjdk-git\hotspot\src\share\vm\prims\jni.cpp, line 1615]
Event: 60.393 Thread 0x000000001eaac800 Exception <a 'java/lang/NoSuchMethodError': <clinit>> (0x00000000e2bf01c8) thrown at [C:\src\AOSP-openjdk-git\hotspot\src\share\vm\prims\jni.cpp, line 1615]
Event: 60.393 Thread 0x000000001eaac800 Exception <a 'java/lang/NoSuchMethodError': <clinit>> (0x00000000e2d07820) thrown at [C:\src\AOSP-openjdk-git\hotspot\src\share\vm\prims\jni.cpp, line 1615]
Event: 60.393 Thread 0x000000001eaac800 Exception <a 'java/lang/NoSuchMethodError': <clinit>> (0x00000000e2d1c5a0) thrown at [C:\src\AOSP-openjdk-git\hotspot\src\share\vm\prims\jni.cpp, line 1615]
Event: 60.394 Thread 0x000000001eaac800 Exception <a 'java/lang/NoSuchMethodError': <clinit>> (0x00000000e2d1d8c0) thrown at [C:\src\AOSP-openjdk-git\hotspot\src\share\vm\prims\jni.cpp, line 1615]
Event: 60.637 Thread 0x000000001a2b6000 Implicit null exception at 0x0000000004a023ae to 0x0000000004a02be5

Events (10 events):
Event: 61.433 loading class kotlin/reflect/jvm/internal/impl/serialization/deserialization/descriptors/DeserializedClassDescriptor$DeserializedClassMemberScope$allDescriptors$1
Event: 61.433 loading class kotlin/reflect/jvm/internal/impl/serialization/deserialization/descriptors/DeserializedClassDescriptor$DeserializedClassMemberScope$allDescriptors$1 done
Event: 61.435 loading class kotlin/reflect/jvm/internal/impl/serialization/deserialization/descriptors/DeserializedClassDescriptor$DeserializedClassMemberScope$refinedSupertypes$1
Event: 61.435 loading class kotlin/reflect/jvm/internal/impl/serialization/deserialization/descriptors/DeserializedClassDescriptor$DeserializedClassMemberScope$refinedSupertypes$1 done
Event: 61.439 loading class com/android/build/api/artifact/ArtifactType$OBFUSCATION_MAPPING_FILE
Event: 61.439 loading class com/android/build/api/artifact/ArtifactType$OBFUSCATION_MAPPING_FILE done
Event: 61.443 loading class kotlin/reflect/jvm/internal/UtilKt
Event: 61.443 loading class kotlin/reflect/jvm/internal/UtilKt done
Event: 61.445 loading class kotlin/reflect/jvm/internal/impl/resolve/scopes/InnerClassesScopeWrapper
Event: 61.445 loading class kotlin/reflect/jvm/internal/impl/resolve/scopes/InnerClassesScopeWrapper done


Dynamic libraries:
0x00007ff78da90000 - 0x00007ff78dac1000 	C:\Program Files\Android\Android Studio\jre\bin\java.exe
0x00007ffe0fd70000 - 0x00007ffe0ff65000 	C:\WINDOWS\SYSTEM32\ntdll.dll
0x00007ffe0f320000 - 0x00007ffe0f3dd000 	C:\WINDOWS\System32\KERNEL32.DLL
0x00007ffe0d920000 - 0x00007ffe0dbe8000 	C:\WINDOWS\System32\KERNELBASE.dll
0x00007ffe0e440000 - 0x00007ffe0e4ec000 	C:\WINDOWS\System32\ADVAPI32.dll
0x00007ffe0e880000 - 0x00007ffe0e91e000 	C:\WINDOWS\System32\msvcrt.dll
0x00007ffe0f280000 - 0x00007ffe0f31b000 	C:\WINDOWS\System32\sechost.dll
0x00007ffe0e5f0000 - 0x00007ffe0e71b000 	C:\WINDOWS\System32\RPCRT4.dll
0x00007ffe0e920000 - 0x00007ffe0eac0000 	C:\WINDOWS\System32\USER32.dll
0x00007ffe0d6f0000 - 0x00007ffe0d712000 	C:\WINDOWS\System32\win32u.dll
0x00007ffe0e850000 - 0x00007ffe0e87a000 	C:\WINDOWS\System32\GDI32.dll
0x00007ffe0d510000 - 0x00007ffe0d61b000 	C:\WINDOWS\System32\gdi32full.dll
0x00007ffe0d720000 - 0x00007ffe0d7bd000 	C:\WINDOWS\System32\msvcp_win.dll
0x00007ffe0dca0000 - 0x00007ffe0dda0000 	C:\WINDOWS\System32\ucrtbase.dll
0x00007ffdfa5f0000 - 0x00007ffdfa88a000 	C:\WINDOWS\WinSxS\amd64_microsoft.windows.common-controls_6595b64144ccf1df_6.0.19041.844_none_ca00b6081b84eb1d\COMCTL32.dll
0x00007ffe0e4f0000 - 0x00007ffe0e520000 	C:\WINDOWS\System32\IMM32.DLL
0x0000000053710000 - 0x00000000537e2000 	C:\Program Files\Android\Android Studio\jre\jre\bin\msvcr100.dll
0x00000000500e0000 - 0x000000005092b000 	C:\Program Files\Android\Android Studio\jre\jre\bin\server\jvm.dll
0x00007ffe0f5f0000 - 0x00007ffe0f5f8000 	C:\WINDOWS\System32\PSAPI.DLL
0x00007ffe00550000 - 0x00007ffe0055a000 	C:\WINDOWS\SYSTEM32\VERSION.dll
0x00007ffde5be0000 - 0x00007ffde5be9000 	C:\WINDOWS\SYSTEM32\WSOCK32.dll
0x00007ffe0f580000 - 0x00007ffe0f5eb000 	C:\WINDOWS\System32\WS2_32.dll
0x00007ffdfc9a0000 - 0x00007ffdfc9c7000 	C:\WINDOWS\SYSTEM32\WINMM.dll
0x00007ffe084d0000 - 0x00007ffe084df000 	C:\Program Files\Android\Android Studio\jre\jre\bin\verify.dll
0x00007ffdf46f0000 - 0x00007ffdf4719000 	C:\Program Files\Android\Android Studio\jre\jre\bin\java.dll
0x00007ffe083f0000 - 0x00007ffe08406000 	C:\Program Files\Android\Android Studio\jre\jre\bin\zip.dll
0x00007ffe0eb20000 - 0x00007ffe0f262000 	C:\WINDOWS\System32\SHELL32.dll
0x00007ffe0b4f0000 - 0x00007ffe0bc81000 	C:\WINDOWS\SYSTEM32\windows.storage.dll
0x00007ffe0f6b0000 - 0x00007ffe0fa05000 	C:\WINDOWS\System32\combase.dll
0x00007ffe0cf20000 - 0x00007ffe0cf4c000 	C:\WINDOWS\SYSTEM32\Wldp.dll
0x00007ffe0f600000 - 0x00007ffe0f6ae000 	C:\WINDOWS\System32\SHCORE.dll
0x00007ffe0fac0000 - 0x00007ffe0fb15000 	C:\WINDOWS\System32\shlwapi.dll
0x00007ffe0d3f0000 - 0x00007ffe0d40f000 	C:\WINDOWS\SYSTEM32\profapi.dll
0x00007ffe065e0000 - 0x00007ffe065fa000 	C:\Program Files\Android\Android Studio\jre\jre\bin\net.dll
0x00007ffe0cc90000 - 0x00007ffe0ccfa000 	C:\WINDOWS\system32\mswsock.dll
0x00007ffe06590000 - 0x00007ffe065a3000 	C:\Program Files\Android\Android Studio\jre\jre\bin\nio.dll
0x00007ffdd74d0000 - 0x00007ffdd74f7000 	C:\Users\cleme\.gradle\native\f6784746aeab05261644944871eae4fe03e0ef1612fff0a4a95f87b438bc6780\windows-amd64\native-platform.dll
0x00007ffe084c0000 - 0x00007ffe084cd000 	C:\Program Files\Android\Android Studio\jre\jre\bin\management.dll
0x00007ffe0ce60000 - 0x00007ffe0ce78000 	C:\WINDOWS\SYSTEM32\CRYPTSP.dll
0x00007ffe0c5c0000 - 0x00007ffe0c5f4000 	C:\WINDOWS\system32\rsaenh.dll
0x00007ffe0dda0000 - 0x00007ffe0ddc7000 	C:\WINDOWS\System32\bcrypt.dll
0x00007ffe0d3b0000 - 0x00007ffe0d3de000 	C:\WINDOWS\SYSTEM32\USERENV.dll
0x00007ffe0d670000 - 0x00007ffe0d6f0000 	C:\WINDOWS\System32\bcryptprimitives.dll
0x00007ffe0ce80000 - 0x00007ffe0ce8c000 	C:\WINDOWS\SYSTEM32\CRYPTBASE.dll
0x00007ffe0c930000 - 0x00007ffe0c96b000 	C:\WINDOWS\SYSTEM32\IPHLPAPI.DLL
0x00007ffe0e3d0000 - 0x00007ffe0e3d8000 	C:\WINDOWS\System32\NSI.dll
0x00007ffe08b00000 - 0x00007ffe08b17000 	C:\WINDOWS\SYSTEM32\dhcpcsvc6.DLL
0x00007ffe08ae0000 - 0x00007ffe08afd000 	C:\WINDOWS\SYSTEM32\dhcpcsvc.DLL
0x00007ffe0c980000 - 0x00007ffe0ca4c000 	C:\WINDOWS\SYSTEM32\DNSAPI.dll
0x00007ffe02570000 - 0x00007ffe0257b000 	C:\WINDOWS\SYSTEM32\WINNSI.DLL

VM Arguments:
jvm_args: -Xmx2048m -Dfile.encoding=UTF-8 -Duser.country=FR -Duser.language=fr -Duser.variant 
java_command: org.gradle.launcher.daemon.bootstrap.GradleDaemon 6.5
java_class_path (initial): C:\Users\cleme\.gradle\wrapper\dists\gradle-6.5-bin\6nifqtx7604sqp1q6g8wikw7p\gradle-6.5\lib\gradle-launcher-6.5.jar
Launcher Type: SUN_STANDARD

Environment Variables:
PATH=C:\Program Files (x86)\Common Files\Oracle\Java\javapath;C:\Program Files (x86)\Intel\iCLS Client\;C:\Program Files\Intel\iCLS Client\;C:\windows\system32;C:\windows;C:\windows\System32\Wbem;C:\windows\System32\WindowsPowerShell\v1.0\;C:\Program Files (x86)\Intel\Intel(R) Management Engine Components\DAL;C:\Program Files\Intel\Intel(R) Management Engine Components\DAL;C:\Program Files (x86)\Intel\Intel(R) Management Engine Components\IPT;C:\Program Files\Intel\Intel(R) Management Engine Components\IPT;C:\WINDOWS\system32;C:\WINDOWS;C:\WINDOWS\System32\Wbem;C:\WINDOWS\System32\WindowsPowerShell\v1.0\;C:\WINDOWS\System32\OpenSSH\;C:\Program Files\Microsoft SQL Server\Client SDK\ODBC\110\Tools\Binn\;C:\Program Files (x86)\Microsoft SQL Server\120\Tools\Binn\;C:\Program Files\Microsoft SQL Server\120\Tools\Binn\;C:\Program Files\Microsoft SQL Server\120\DTS\Binn\;C:\Program Files (x86)\Windows Kits\8.1\Windows Performance Toolkit\;C:\Program Files\Intel\WiFi\bin\;C:\Program Files\Common Files\Intel\WirelessCommon\;C:\Program Files\Git\cmd;D:\MATLAB\bin;C:\Users\cleme\AppData\Local\Microsoft\WindowsApps;;C:\Users\cleme\AppData\Local\Programs\Microsoft VS Code\bin
USERNAME=cleme
OS=Windows_NT
PROCESSOR_IDENTIFIER=Intel64 Family 6 Model 158 Stepping 9, GenuineIntel



---------------  S Y S T E M  ---------------

OS: Windows 10.0 , 64 bit Build 19041 (10.0.19041.928)

CPU:total 4 (initial active 4) (4 cores per cpu, 1 threads per core) family 6 model 158 stepping 9, cmov, cx8, fxsr, mmx, sse, sse2, sse3, ssse3, sse4.1, sse4.2, popcnt, avx, avx2, aes, clmul, erms, 3dnowpref, lzcnt, tsc, tscinvbit, bmi1, bmi2, adx

Memory: 4k page, physical 8264804k(447996k free), swap 19201436k(1572k free)

vm_info: OpenJDK 64-Bit Server VM (25.242-b01) for windows-amd64 JRE (1.8.0_242-release-1644-b01), built by "builder" with MS VC++ 10.0 (VS2010)

time: Thu May 13 14:59:21 2021
timezone: Paris, Madrid (heure d’été)
elapsed time: 61 seconds (0d 0h 1m 1s)

